<?xml version="1.0" encoding="UTF-8"?>
<testng-results skipped="0" failed="0" ignored="0" total="1" passed="1">
  <reporter-output>
  </reporter-output>
  <suite name="Default suite" duration-ms="2542" started-at="2018-09-17T09:49:52Z" finished-at="2018-09-17T09:49:54Z">
    <groups>
    </groups>
    <test name="Default test" duration-ms="2542" started-at="2018-09-17T09:49:52Z" finished-at="2018-09-17T09:49:54Z">
      <class name="petStoredemo.PostRequest">
        <test-method status="PASS" signature="beforeClass()[pri:0, instance:petStoredemo.PostRequest@cb5822]" name="beforeClass" is-config="true" duration-ms="294" started-at="2018-09-17T15:19:52Z" finished-at="2018-09-17T15:19:52Z">
          <reporter-output>
          </reporter-output>
        </test-method> <!-- beforeClass -->
        <test-method status="PASS" signature="testpost()[pri:0, instance:petStoredemo.PostRequest@cb5822]" name="testpost" duration-ms="2234" started-at="2018-09-17T15:19:52Z" finished-at="2018-09-17T15:19:54Z">
          <reporter-output>
          </reporter-output>
        </test-method> <!-- testpost -->
      </class> <!-- petStoredemo.PostRequest -->
    </test> <!-- Default test -->
  </suite> <!-- Default suite -->
</testng-results>
